<?xml version="1.0" encoding="UTF-8"?>
<!-- Generated by org.testng.reporters.JUnitReportReporter -->
<testsuite hostname="DESKTOP-D1IFRV6" failures="0" tests="2" name="com.amazon.stepdefinition.MobileSearch" time="58.911" errors="0" timestamp="2022-01-26T10:04:16 IST" skipped="0">
  <testcase classname="com.amazon.stepdefinition.MobileSearch" name="m1" time="28.212"/>
  <system-out/>
  <testcase classname="com.amazon.stepdefinition.MobileSearch" name="launch" time="30.699"/>
  <system-out/>
</testsuite> <!-- com.amazon.stepdefinition.MobileSearch -->
