<?xml version="1.0" encoding="UTF-8"?>
<!-- Generated by org.testng.reporters.JUnitReportReporter -->
<testsuite hostname="DESKTOP-D1IFRV6" failures="0" tests="3" name="com.amazon.stepdefinition.TVPurchase" time="1.901" errors="0" timestamp="2022-01-26T09:31:33 IST" skipped="0">
  <testcase classname="com.amazon.stepdefinition.TVPurchase" name="m1" time="0.288"/>
  <system-out/>
  <testcase classname="com.amazon.stepdefinition.TVPurchase" name="m2" time="1.582"/>
  <system-out/>
  <testcase classname="com.amazon.stepdefinition.TVPurchase" name="m3" time="0.031"/>
  <system-out/>
</testsuite> <!-- com.amazon.stepdefinition.TVPurchase -->
