<?xml version="1.0" encoding="UTF-8"?>
<!-- Generated by org.testng.reporters.JUnitReportReporter -->
<testsuite hostname="DESKTOP-D1IFRV6" failures="0" tests="2" name="com.amazon.stepdefinition.ParallelMethods" time="157.109" errors="0" timestamp="2022-01-26T10:10:30 IST" skipped="0">
  <testcase classname="com.amazon.stepdefinition.ParallelMethods" name="m1" time="69.889"/>
  <system-out/>
  <testcase classname="com.amazon.stepdefinition.ParallelMethods" name="launch" time="87.220"/>
  <system-out/>
</testsuite> <!-- com.amazon.stepdefinition.ParallelMethods -->
